<?xml version="1.0" encoding="UTF-8"?>
<!-- Generated by org.testng.reporters.JUnitXMLReporter -->
<testsuite ignored="0" hostname="FFE-Pavankumar-Hebsur-FFE241" failures="0" tests="3" name="Default test" time="0.627" errors="0" timestamp="2024-02-14T13:14:41 IST">
  <testcase classname="dataDriven.excelDataProvider.dataProvider" name="testCaseData" time="0.007"/>
  <testcase classname="dataDriven.excelDataProvider.dataProvider" name="testCaseData" time="0.002"/>
  <testcase classname="dataDriven.excelDataProvider.dataProvider" name="testCaseData" time="0.003"/>
</testsuite> <!-- Default test -->
