<?xml version="1.0" encoding="UTF-8"?>
<testng-results ignored="0" total="3" passed="3" failed="0" skipped="0">
  <reporter-output>
  </reporter-output>
  <suite started-at="2024-02-14T13:14:40 IST" name="Default suite" finished-at="2024-02-14T13:14:41 IST" duration-ms="627">
    <groups>
    </groups>
    <test started-at="2024-02-14T13:14:40 IST" name="Default test" finished-at="2024-02-14T13:14:41 IST" duration-ms="627">
      <class name="dataDriven.excelDataProvider.dataProvider">
        <test-method signature="testCaseData(java.lang.String,java.lang.String,java.lang.String)[pri:0, instance:dataDriven.excelDataProvider.dataProvider@60db1c0e]" started-at="2024-02-14T13:14:41 IST" name="testCaseData" data-provider="driveTest" finished-at="2024-02-14T13:14:41 IST" duration-ms="7" status="PASS">
          <params>
            <param index="0">
              <value>
                <![CDATA[hello]]>
              </value>
            </param>
            <param index="1">
              <value>
                <![CDATA[text]]>
              </value>
            </param>
            <param index="2">
              <value>
                <![CDATA[1]]>
              </value>
            </param>
          </params>
          <reporter-output>
          </reporter-output>
        </test-method> <!-- testCaseData -->
        <test-method signature="testCaseData(java.lang.String,java.lang.String,java.lang.String)[pri:0, instance:dataDriven.excelDataProvider.dataProvider@60db1c0e]" started-at="2024-02-14T13:14:41 IST" name="testCaseData" data-provider="driveTest" finished-at="2024-02-14T13:14:41 IST" duration-ms="2" status="PASS">
          <params>
            <param index="0">
              <value>
                <![CDATA[bye]]>
              </value>
            </param>
            <param index="1">
              <value>
                <![CDATA[Message]]>
              </value>
            </param>
            <param index="2">
              <value>
                <![CDATA[2]]>
              </value>
            </param>
          </params>
          <reporter-output>
          </reporter-output>
        </test-method> <!-- testCaseData -->
        <test-method signature="testCaseData(java.lang.String,java.lang.String,java.lang.String)[pri:0, instance:dataDriven.excelDataProvider.dataProvider@60db1c0e]" started-at="2024-02-14T13:14:41 IST" name="testCaseData" data-provider="driveTest" finished-at="2024-02-14T13:14:41 IST" duration-ms="3" status="PASS">
          <params>
            <param index="0">
              <value>
                <![CDATA[Solo]]>
              </value>
            </param>
            <param index="1">
              <value>
                <![CDATA[call]]>
              </value>
            </param>
            <param index="2">
              <value>
                <![CDATA[3]]>
              </value>
            </param>
          </params>
          <reporter-output>
          </reporter-output>
        </test-method> <!-- testCaseData -->
      </class> <!-- dataDriven.excelDataProvider.dataProvider -->
    </test> <!-- Default test -->
  </suite> <!-- Default suite -->
</testng-results>
